RONG_CODE:
  🏆 最佳 smote           F1: 0.120 (±0.016)  AUC: 0.673 (±0.017)  查准率: 0.082 (±0.011)  召回率: 0.226 (±0.034)  准确率: 0.877 (±0.003)
    #2 combine         F1: 0.117 (±0.021)  AUC: 0.669 (±0.013)  查准率: 0.080 (±0.014)  召回率: 0.219 (±0.044)  准确率: 0.878 (±0.001)
    #3 class_weight    F1: 0.100 (±0.029)  AUC: 0.676 (±0.016)  查准率: 0.088 (±0.026)  召回率: 0.114 (±0.034)  准确率: 0.923 (±0.004)
    #4 threshold       F1: 0.084 (±0.020)  AUC: 0.673 (±0.006)  查准率: 0.092 (±0.021)  召回率: 0.077 (±0.019)  准确率: 0.937 (±0.002)
    #5 baseline        F1: 0.000 (±0.000)  AUC: 0.673 (±0.006)  查准率: 0.000 (±0.000)  召回率: 0.000 (±0.000)  准确率: 0.963 (±0.000)

QHYP_CODE:
  🏆 最佳 threshold       F1: 0.211 (±0.085)  AUC: 0.520 (±0.061)  查准率: 0.192 (±0.132)  召回率: 0.341 (±0.113)  准确率: 0.787 (±0.097)
    #2 class_weight    F1: 0.000 (±0.000)  AUC: 0.530 (±0.081)  查准率: 0.000 (±0.000)  召回率: 0.000 (±0.000)  准确率: 0.929 (±0.005)
    #3 baseline        F1: 0.000 (±0.000)  AUC: 0.520 (±0.061)  查准率: 0.000 (±0.000)  召回率: 0.000 (±0.000)  准确率: 0.931 (±0.003)
    #4 smote           F1: 0.000 (±0.000)  AUC: 0.511 (±0.052)  查准率: 0.000 (±0.000)  召回率: 0.000 (±0.000)  准确率: 0.897 (±0.003)
    #5 combine         F1: 0.000 (±0.000)  AUC: 0.511 (±0.052)  查准率: 0.000 (±0.000)  召回率: 0.000 (±0.000)  准确率: 0.897 (±0.003)

AWJ_CODE:
  🏆 最佳 threshold       F1: 0.283 (±0.011)  AUC: 0.688 (±0.036)  查准率: 0.199 (±0.022)  召回率: 0.529 (±0.118)  准确率: 0.722 (±0.076)
    #2 smote           F1: 0.208 (±0.035)  AUC: 0.681 (±0.023)  查准率: 0.246 (±0.023)  召回率: 0.192 (±0.066)  准确率: 0.855 (±0.019)
    #3 combine         F1: 0.191 (±0.011)  AUC: 0.682 (±0.019)  查准率: 0.230 (±0.038)  召回率: 0.173 (±0.039)  准确率: 0.851 (±0.025)
    #4 class_weight    F1: 0.099 (±0.069)  AUC: 0.714 (±0.016)  查准率: 0.216 (±0.036)  召回率: 0.076 (±0.067)  准确率: 0.878 (±0.016)
    #5 baseline        F1: 0.000 (±0.000)  AUC: 0.688 (±0.036)  查准率: 0.000 (±0.000)  召回率: 0.000 (±0.000)  准确率: 0.895 (±0.004)

JY_CODE:
  🏆 最佳 threshold       F1: 0.060 (±0.026)  AUC: 0.576 (±0.041)  查准率: 0.044 (±0.017)  召回率: 0.104 (±0.059)  准确率: 0.849 (±0.030)
    #2 smote           F1: 0.051 (±0.073)  AUC: 0.645 (±0.093)  查准率: 0.067 (±0.094)  召回率: 0.042 (±0.059)  准确率: 0.929 (±0.004)
    #3 combine         F1: 0.051 (±0.073)  AUC: 0.645 (±0.093)  查准率: 0.067 (±0.094)  召回率: 0.042 (±0.059)  准确率: 0.929 (±0.004)
    #4 class_weight    F1: 0.000 (±0.000)  AUC: 0.654 (±0.077)  查准率: 0.000 (±0.000)  召回率: 0.000 (±0.000)  准确率: 0.952 (±0.000)
    #5 baseline        F1: 0.000 (±0.000)  AUC: 0.576 (±0.041)  查准率: 0.000 (±0.000)  召回率: 0.000 (±0.000)  准确率: 0.952 (±0.000)

HL_CODE:
  🏆 最佳 smote           F1: 0.000 (±0.000)  AUC: 0.602 (±0.136)  查准率: 0.000 (±0.000)  召回率: 0.000 (±0.000)  准确率: 0.985 (±0.002)
    #2 combine         F1: 0.000 (±0.000)  AUC: 0.602 (±0.136)  查准率: 0.000 (±0.000)  召回率: 0.000 (±0.000)  准确率: 0.985 (±0.002)
    #3 baseline        F1: 0.000 (±0.000)  AUC: 0.540 (±0.096)  查准率: 0.000 (±0.000)  召回率: 0.000 (±0.000)  准确率: 0.990 (±0.000)
    #4 threshold       F1: 0.000 (±0.000)  AUC: 0.540 (±0.096)  查准率: 0.000 (±0.000)  召回率: 0.000 (±0.000)  准确率: 0.990 (±0.000)
    #5 class_weight    F1: 0.000 (±0.000)  AUC: 0.461 (±0.127)  查准率: 0.000 (±0.000)  召回率: 0.000 (±0.000)  准确率: 0.990 (±0.000)

HH_CODE:
  🏆 最佳 threshold       F1: 0.518 (±0.002)  AUC: 0.523 (±0.014)  查准率: 0.350 (±0.003)  召回率: 0.994 (±0.008)  准确率: 0.359 (±0.012)
    #2 smote           F1: 0.384 (±0.034)  AUC: 0.510 (±0.004)  查准率: 0.410 (±0.023)  召回率: 0.368 (±0.069)  准确率: 0.596 (±0.022)
    #3 combine         F1: 0.373 (±0.038)  AUC: 0.527 (±0.013)  查准率: 0.415 (±0.027)  召回率: 0.345 (±0.065)  准确率: 0.604 (±0.021)
    #4 class_weight    F1: 0.314 (±0.074)  AUC: 0.550 (±0.022)  查准率: 0.403 (±0.028)  召回率: 0.264 (±0.094)  准确率: 0.614 (±0.002)
    #5 baseline        F1: 0.246 (±0.073)  AUC: 0.523 (±0.014)  查准率: 0.458 (±0.042)  召回率: 0.172 (±0.065)  准确率: 0.645 (±0.007)

LXJ_CODE:
  🏆 最佳 combine         F1: 0.114 (±0.020)  AUC: 0.600 (±0.031)  查准率: 0.089 (±0.019)  召回率: 0.161 (±0.014)  准确率: 0.891 (±0.014)
    #2 smote           F1: 0.111 (±0.010)  AUC: 0.600 (±0.020)  查准率: 0.086 (±0.012)  召回率: 0.157 (±0.004)  准确率: 0.890 (±0.015)
    #3 threshold       F1: 0.087 (±0.027)  AUC: 0.569 (±0.021)  查准率: 0.079 (±0.024)  召回率: 0.099 (±0.032)  准确率: 0.912 (±0.009)
    #4 class_weight    F1: 0.083 (±0.008)  AUC: 0.596 (±0.026)  查准率: 0.105 (±0.012)  召回率: 0.069 (±0.010)  准确率: 0.934 (±0.006)
    #5 baseline        F1: 0.000 (±0.000)  AUC: 0.569 (±0.021)  查准率: 0.000 (±0.000)  召回率: 0.000 (±0.000)  准确率: 0.957 (±0.000)

TMDP_CODE:
  🏆 最佳 threshold       F1: 0.228 (±0.039)  AUC: 0.618 (±0.063)  查准率: 0.232 (±0.107)  召回率: 0.367 (±0.155)  准确率: 0.753 (±0.127)
    #2 smote           F1: 0.147 (±0.083)  AUC: 0.635 (±0.017)  查准率: 0.199 (±0.123)  召回率: 0.117 (±0.062)  准确率: 0.865 (±0.020)
    #3 combine         F1: 0.144 (±0.080)  AUC: 0.624 (±0.017)  查准率: 0.189 (±0.110)  召回率: 0.117 (±0.062)  准确率: 0.864 (±0.018)
    #4 class_weight    F1: 0.029 (±0.041)  AUC: 0.666 (±0.023)  查准率: 0.111 (±0.157)  召回率: 0.017 (±0.024)  准确率: 0.889 (±0.013)
    #5 baseline        F1: 0.000 (±0.000)  AUC: 0.618 (±0.063)  查准率: 0.000 (±0.000)  召回率: 0.000 (±0.000)  准确率: 0.904 (±0.000)

BLK_CODE:
  🏆 最佳 threshold       F1: 0.042 (±0.059)  AUC: 0.616 (±0.087)  查准率: 0.048 (±0.067)  召回率: 0.037 (±0.052)  准确率: 0.986 (±0.004)
    #2 baseline        F1: 0.000 (±0.000)  AUC: 0.616 (±0.087)  查准率: 0.000 (±0.000)  召回率: 0.000 (±0.000)  准确率: 0.988 (±0.001)
    #3 smote           F1: 0.000 (±0.000)  AUC: 0.530 (±0.031)  查准率: 0.000 (±0.000)  召回率: 0.000 (±0.000)  准确率: 0.980 (±0.003)
    #4 combine         F1: 0.000 (±0.000)  AUC: 0.530 (±0.031)  查准率: 0.000 (±0.000)  召回率: 0.000 (±0.000)  准确率: 0.980 (±0.003)
    #5 class_weight    F1: 0.000 (±0.000)  AUC: 0.499 (±0.114)  查准率: 0.000 (±0.000)  召回率: 0.000 (±0.000)  准确率: 0.988 (±0.001)

XYF_CODE:
  🏆 最佳 threshold       F1: 0.420 (±0.045)  AUC: 0.681 (±0.014)  查准率: 0.351 (±0.087)  召回率: 0.583 (±0.118)  准确率: 0.709 (±0.111)
    #2 combine         F1: 0.243 (±0.038)  AUC: 0.660 (±0.025)  查准率: 0.369 (±0.096)  召回率: 0.183 (±0.024)  准确率: 0.803 (±0.018)
    #3 smote           F1: 0.226 (±0.061)  AUC: 0.674 (±0.009)  查准率: 0.361 (±0.104)  召回率: 0.167 (±0.047)  准确率: 0.806 (±0.016)
    #4 class_weight    F1: 0.113 (±0.049)  AUC: 0.685 (±0.007)  查准率: 0.456 (±0.385)  召回率: 0.067 (±0.024)  准确率: 0.815 (±0.022)
    #5 baseline        F1: 0.030 (±0.043)  AUC: 0.681 (±0.014)  查准率: 0.167 (±0.236)  召回率: 0.017 (±0.024)  准确率: 0.829 (±0.000)

FLXD_CODE:
  🏆 最佳 threshold       F1: 0.095 (±0.049)  AUC: 0.499 (±0.023)  查准率: 0.061 (±0.029)  召回率: 0.222 (±0.142)  准确率: 0.761 (±0.021)
    #2 smote           F1: 0.000 (±0.000)  AUC: 0.631 (±0.059)  查准率: 0.000 (±0.000)  召回率: 0.000 (±0.000)  准确率: 0.917 (±0.017)
    #3 combine         F1: 0.000 (±0.000)  AUC: 0.631 (±0.059)  查准率: 0.000 (±0.000)  召回率: 0.000 (±0.000)  准确率: 0.917 (±0.017)
    #4 class_weight    F1: 0.000 (±0.000)  AUC: 0.546 (±0.003)  查准率: 0.000 (±0.000)  召回率: 0.000 (±0.000)  准确率: 0.936 (±0.002)
    #5 baseline        F1: 0.000 (±0.000)  AUC: 0.499 (±0.023)  查准率: 0.000 (±0.000)  召回率: 0.000 (±0.000)  准确率: 0.939 (±0.000)