RONG_CODE:
  🏆 最佳 class_weight    F1: 0.137 (±0.019)  AUC: 0.692 (±0.017)  查准率: 0.086 (±0.011)  召回率: 0.338 (±0.059)  准确率: 0.843 (±0.002)
    #2 combine         F1: 0.042 (±0.023)  AUC: 0.683 (±0.014)  查准率: 0.088 (±0.042)  召回率: 0.027 (±0.015)  准确率: 0.954 (±0.001)
    #3 smote           F1: 0.038 (±0.023)  AUC: 0.679 (±0.016)  查准率: 0.079 (±0.044)  召回率: 0.025 (±0.015)  准确率: 0.954 (±0.002)
    #4 baseline        F1: 0.000 (±0.000)  AUC: 0.680 (±0.015)  查准率: 0.000 (±0.000)  召回率: 0.000 (±0.000)  准确率: 0.963 (±0.000)
    #5 threshold       F1: 0.000 (±0.000)  AUC: 0.680 (±0.015)  查准率: 0.000 (±0.000)  召回率: 0.000 (±0.000)  准确率: 0.963 (±0.000)

QHYP_CODE:
  🏆 最佳 threshold       F1: 0.138 (±0.029)  AUC: 0.492 (±0.037)  查准率: 0.181 (±0.111)  召回率: 0.172 (±0.068)  准确率: 0.852 (±0.052)
    #2 smote           F1: 0.000 (±0.000)  AUC: 0.500 (±0.029)  查准率: 0.000 (±0.000)  召回率: 0.000 (±0.000)  准确率: 0.929 (±0.005)
    #3 combine         F1: 0.000 (±0.000)  AUC: 0.500 (±0.029)  查准率: 0.000 (±0.000)  召回率: 0.000 (±0.000)  准确率: 0.929 (±0.005)
    #4 baseline        F1: 0.000 (±0.000)  AUC: 0.492 (±0.037)  查准率: 0.000 (±0.000)  召回率: 0.000 (±0.000)  准确率: 0.931 (±0.003)
    #5 class_weight    F1: 0.000 (±0.000)  AUC: 0.486 (±0.031)  查准率: 0.000 (±0.000)  召回率: 0.000 (±0.000)  准确率: 0.925 (±0.006)

AWJ_CODE:
  🏆 最佳 threshold       F1: 0.275 (±0.021)  AUC: 0.706 (±0.004)  查准率: 0.182 (±0.023)  召回率: 0.625 (±0.163)  准确率: 0.663 (±0.080)
    #2 class_weight    F1: 0.241 (±0.043)  AUC: 0.708 (±0.019)  查准率: 0.254 (±0.039)  召回率: 0.259 (±0.105)  准确率: 0.840 (±0.038)
    #3 smote           F1: 0.077 (±0.040)  AUC: 0.702 (±0.023)  查准率: 0.211 (±0.063)  召回率: 0.048 (±0.027)  准确率: 0.886 (±0.001)
    #4 combine         F1: 0.076 (±0.038)  AUC: 0.700 (±0.025)  查准率: 0.202 (±0.050)  召回率: 0.048 (±0.027)  准确率: 0.885 (±0.002)
    #5 baseline        F1: 0.000 (±0.000)  AUC: 0.706 (±0.004)  查准率: 0.000 (±0.000)  召回率: 0.000 (±0.000)  准确率: 0.897 (±0.001)

JY_CODE:
  🏆 最佳 threshold       F1: 0.077 (±0.007)  AUC: 0.545 (±0.067)  查准率: 0.106 (±0.026)  召回率: 0.062 (±0.000)  准确率: 0.928 (±0.006)
    #2 class_weight    F1: 0.000 (±0.000)  AUC: 0.557 (±0.074)  查准率: 0.000 (±0.000)  召回率: 0.000 (±0.000)  准确率: 0.947 (±0.004)
    #3 smote           F1: 0.000 (±0.000)  AUC: 0.556 (±0.025)  查准率: 0.000 (±0.000)  召回率: 0.000 (±0.000)  准确率: 0.951 (±0.001)
    #4 combine         F1: 0.000 (±0.000)  AUC: 0.556 (±0.025)  查准率: 0.000 (±0.000)  召回率: 0.000 (±0.000)  准确率: 0.951 (±0.001)
    #5 baseline        F1: 0.000 (±0.000)  AUC: 0.545 (±0.067)  查准率: 0.000 (±0.000)  召回率: 0.000 (±0.000)  准确率: 0.952 (±0.000)

HL_CODE:
  🏆 最佳 baseline        F1: 0.000 (±0.000)  AUC: 0.531 (±0.056)  查准率: 0.000 (±0.000)  召回率: 0.000 (±0.000)  准确率: 0.990 (±0.000)
    #2 threshold       F1: 0.000 (±0.000)  AUC: 0.531 (±0.056)  查准率: 0.000 (±0.000)  召回率: 0.000 (±0.000)  准确率: 0.990 (±0.000)
    #3 class_weight    F1: 0.000 (±0.000)  AUC: 0.526 (±0.137)  查准率: 0.000 (±0.000)  召回率: 0.000 (±0.000)  准确率: 0.990 (±0.000)
    #4 smote           F1: 0.000 (±0.000)  AUC: 0.469 (±0.037)  查准率: 0.000 (±0.000)  召回率: 0.000 (±0.000)  准确率: 0.990 (±0.000)
    #5 combine         F1: 0.000 (±0.000)  AUC: 0.469 (±0.037)  查准率: 0.000 (±0.000)  召回率: 0.000 (±0.000)  准确率: 0.990 (±0.000)

HH_CODE:
  🏆 最佳 threshold       F1: 0.519 (±0.003)  AUC: 0.570 (±0.021)  查准率: 0.353 (±0.002)  召回率: 0.983 (±0.024)  准确率: 0.368 (±0.014)
    #2 class_weight    F1: 0.428 (±0.011)  AUC: 0.578 (±0.026)  查准率: 0.439 (±0.048)  召回率: 0.425 (±0.035)  准确率: 0.606 (±0.044)
    #3 smote           F1: 0.234 (±0.098)  AUC: 0.555 (±0.021)  查准率: 0.377 (±0.052)  召回率: 0.178 (±0.096)  准确率: 0.622 (±0.008)
    #4 combine         F1: 0.219 (±0.056)  AUC: 0.562 (±0.037)  查准率: 0.389 (±0.028)  召回率: 0.161 (±0.057)  准确率: 0.617 (±0.023)
    #5 baseline        F1: 0.000 (±0.000)  AUC: 0.570 (±0.021)  查准率: 0.000 (±0.000)  召回率: 0.000 (±0.000)  准确率: 0.651 (±0.002)

LXJ_CODE:
  🏆 最佳 class_weight    F1: 0.113 (±0.025)  AUC: 0.612 (±0.029)  查准率: 0.075 (±0.016)  召回率: 0.230 (±0.060)  准确率: 0.844 (±0.013)
    #2 combine         F1: 0.106 (±0.016)  AUC: 0.613 (±0.015)  查准率: 0.165 (±0.050)  召回率: 0.080 (±0.005)  准确率: 0.941 (±0.009)
    #3 smote           F1: 0.104 (±0.019)  AUC: 0.620 (±0.007)  查准率: 0.155 (±0.060)  召回率: 0.084 (±0.005)  准确率: 0.935 (±0.017)
    #4 threshold       F1: 0.013 (±0.019)  AUC: 0.605 (±0.035)  查准率: 0.067 (±0.094)  召回率: 0.007 (±0.010)  准确率: 0.956 (±0.001)
    #5 baseline        F1: 0.000 (±0.000)  AUC: 0.605 (±0.035)  查准率: 0.000 (±0.000)  召回率: 0.000 (±0.000)  准确率: 0.957 (±0.000)

TMDP_CODE:
  🏆 最佳 threshold       F1: 0.191 (±0.023)  AUC: 0.579 (±0.039)  查准率: 0.150 (±0.037)  召回率: 0.383 (±0.170)  准确率: 0.697 (±0.117)
    #2 class_weight    F1: 0.076 (±0.065)  AUC: 0.634 (±0.013)  查准率: 0.097 (±0.071)  召回率: 0.067 (±0.062)  准确率: 0.854 (±0.015)
    #3 combine         F1: 0.000 (±0.000)  AUC: 0.606 (±0.037)  查准率: 0.000 (±0.000)  召回率: 0.000 (±0.000)  准确率: 0.899 (±0.004)
    #4 smote           F1: 0.000 (±0.000)  AUC: 0.591 (±0.014)  查准率: 0.000 (±0.000)  召回率: 0.000 (±0.000)  准确率: 0.896 (±0.005)
    #5 baseline        F1: 0.000 (±0.000)  AUC: 0.579 (±0.039)  查准率: 0.000 (±0.000)  召回率: 0.000 (±0.000)  准确率: 0.904 (±0.000)

BLK_CODE:
  🏆 最佳 baseline        F1: 0.000 (±0.000)  AUC: 0.567 (±0.120)  查准率: 0.000 (±0.000)  召回率: 0.000 (±0.000)  准确率: 0.988 (±0.001)
    #2 threshold       F1: 0.000 (±0.000)  AUC: 0.567 (±0.120)  查准率: 0.000 (±0.000)  召回率: 0.000 (±0.000)  准确率: 0.988 (±0.001)
    #3 smote           F1: 0.000 (±0.000)  AUC: 0.481 (±0.024)  查准率: 0.000 (±0.000)  召回率: 0.000 (±0.000)  准确率: 0.988 (±0.001)
    #4 combine         F1: 0.000 (±0.000)  AUC: 0.481 (±0.024)  查准率: 0.000 (±0.000)  召回率: 0.000 (±0.000)  准确率: 0.988 (±0.001)
    #5 class_weight    F1: 0.000 (±0.000)  AUC: 0.469 (±0.096)  查准率: 0.000 (±0.000)  召回率: 0.000 (±0.000)  准确率: 0.988 (±0.001)

XYF_CODE:
  🏆 最佳 threshold       F1: 0.428 (±0.071)  AUC: 0.668 (±0.045)  查准率: 0.477 (±0.178)  召回率: 0.417 (±0.062)  准确率: 0.803 (±0.048)
    #2 class_weight    F1: 0.320 (±0.049)  AUC: 0.638 (±0.061)  查准率: 0.484 (±0.062)  召回率: 0.250 (±0.071)  准确率: 0.823 (±0.011)
    #3 combine         F1: 0.058 (±0.041)  AUC: 0.634 (±0.032)  查准率: 0.222 (±0.157)  召回率: 0.033 (±0.024)  准确率: 0.821 (±0.000)
    #4 smote           F1: 0.032 (±0.045)  AUC: 0.616 (±0.033)  查准率: 0.333 (±0.471)  召回率: 0.017 (±0.024)  准确率: 0.829 (±0.007)
    #5 baseline        F1: 0.000 (±0.000)  AUC: 0.668 (±0.045)  查准率: 0.000 (±0.000)  召回率: 0.000 (±0.000)  准确率: 0.829 (±0.000)

FLXD_CODE:
  🏆 最佳 threshold       F1: 0.081 (±0.059)  AUC: 0.563 (±0.022)  查准率: 0.065 (±0.049)  召回率: 0.111 (±0.079)  准确率: 0.880 (±0.046)
    #2 class_weight    F1: 0.000 (±0.000)  AUC: 0.600 (±0.023)  查准率: 0.000 (±0.000)  召回率: 0.000 (±0.000)  准确率: 0.927 (±0.009)
    #3 baseline        F1: 0.000 (±0.000)  AUC: 0.563 (±0.022)  查准率: 0.000 (±0.000)  召回率: 0.000 (±0.000)  准确率: 0.939 (±0.000)
    #4 smote           F1: 0.000 (±0.000)  AUC: 0.548 (±0.029)  查准率: 0.000 (±0.000)  召回率: 0.000 (±0.000)  准确率: 0.937 (±0.002)
    #5 combine         F1: 0.000 (±0.000)  AUC: 0.548 (±0.029)  查准率: 0.000 (±0.000)  召回率: 0.000 (±0.000)  准确率: 0.937 (±0.002)
