RONG_CODE:
  🏆 最佳 class_weight    AUC: 0.675 (±0.007)  F1: 0.094 (±0.005)  查准率: 0.053 (±0.002)  召回率: 0.443 (±0.031)  准确率: 0.762 (±0.005)
    #2 threshold       AUC: 0.671 (±0.005)  F1: 0.003 (±0.004)  查准率: 0.042 (±0.059)  召回率: 0.002 (±0.002)  准确率: 0.972 (±0.000)
    #3 baseline        AUC: 0.671 (±0.005)  F1: 0.000 (±0.000)  查准率: 0.000 (±0.000)  召回率: 0.000 (±0.000)  准确率: 0.972 (±0.000)
    #4 combine         AUC: 0.660 (±0.004)  F1: 0.093 (±0.003)  查准率: 0.053 (±0.002)  召回率: 0.369 (±0.006)  准确率: 0.798 (±0.010)
    #5 smote           AUC: 0.658 (±0.007)  F1: 0.091 (±0.004)  查准率: 0.052 (±0.003)  召回率: 0.353 (±0.006)  准确率: 0.802 (±0.007)

LXJ_CODE:
  🏆 最佳 class_weight    AUC: 0.649 (±0.003)  F1: 0.103 (±0.002)  查准率: 0.059 (±0.001)  召回率: 0.390 (±0.007)  准确率: 0.768 (±0.001)
    #2 threshold       AUC: 0.649 (±0.002)  F1: 0.020 (±0.005)  查准率: 0.104 (±0.031)  召回率: 0.011 (±0.003)  准确率: 0.963 (±0.001)
    #3 baseline        AUC: 0.649 (±0.002)  F1: 0.000 (±0.000)  查准率: 0.000 (±0.000)  召回率: 0.000 (±0.000)  准确率: 0.966 (±0.000)
    #4 combine         AUC: 0.629 (±0.001)  F1: 0.094 (±0.005)  查准率: 0.056 (±0.003)  召回率: 0.304 (±0.022)  准确率: 0.800 (±0.002)
    #5 smote           AUC: 0.628 (±0.001)  F1: 0.096 (±0.005)  查准率: 0.057 (±0.003)  召回率: 0.313 (±0.023)  准确率: 0.799 (±0.005)

AWJ_CODE:
  🏆 最佳 threshold       AUC: 0.736 (±0.007)  F1: 0.307 (±0.016)  查准率: 0.204 (±0.021)  召回率: 0.653 (±0.111)  准确率: 0.674 (±0.077)
    #2 baseline        AUC: 0.736 (±0.007)  F1: 0.000 (±0.000)  查准率: 0.000 (±0.000)  召回率: 0.000 (±0.000)  准确率: 0.891 (±0.000)
    #3 class_weight    AUC: 0.733 (±0.012)  F1: 0.306 (±0.009)  查准率: 0.216 (±0.008)  召回率: 0.524 (±0.018)  准确率: 0.740 (±0.010)
    #4 smote           AUC: 0.725 (±0.013)  F1: 0.285 (±0.016)  查准率: 0.209 (±0.015)  召回率: 0.447 (±0.015)  准确率: 0.755 (±0.013)
    #5 combine         AUC: 0.724 (±0.009)  F1: 0.289 (±0.012)  查准率: 0.213 (±0.011)  召回率: 0.448 (±0.007)  准确率: 0.759 (±0.010)

JY_CODE:
  🏆 最佳 threshold       AUC: 0.641 (±0.004)  F1: 0.153 (±0.016)  查准率: 0.119 (±0.008)  召回率: 0.217 (±0.035)  准确率: 0.853 (±0.008)
    #2 baseline        AUC: 0.641 (±0.004)  F1: 0.000 (±0.000)  查准率: 0.000 (±0.000)  召回率: 0.000 (±0.000)  准确率: 0.938 (±0.000)
    #3 class_weight    AUC: 0.626 (±0.012)  F1: 0.101 (±0.022)  查准率: 0.100 (±0.027)  召回率: 0.103 (±0.017)  准确率: 0.886 (±0.010)
    #4 smote           AUC: 0.621 (±0.020)  F1: 0.107 (±0.004)  查准率: 0.079 (±0.006)  召回率: 0.170 (±0.010)  准确率: 0.825 (±0.016)
    #5 combine         AUC: 0.618 (±0.023)  F1: 0.109 (±0.004)  查准率: 0.079 (±0.004)  召回率: 0.176 (±0.012)  准确率: 0.823 (±0.012)

HXQB_CODE:
  🏆 最佳 threshold       AUC: 0.546 (±0.005)  F1: 0.110 (±0.010)  查准率: 0.090 (±0.007)  召回率: 0.144 (±0.016)  准确率: 0.821 (±0.006)
    #2 baseline        AUC: 0.546 (±0.005)  F1: 0.000 (±0.000)  查准率: 0.000 (±0.000)  召回率: 0.000 (±0.000)  准确率: 0.923 (±0.000)
    #3 class_weight    AUC: 0.545 (±0.018)  F1: 0.106 (±0.002)  查准率: 0.097 (±0.011)  召回率: 0.120 (±0.016)  准确率: 0.842 (±0.021)
    #4 smote           AUC: 0.525 (±0.008)  F1: 0.099 (±0.011)  查准率: 0.085 (±0.007)  召回率: 0.117 (±0.019)  准确率: 0.835 (±0.008)
    #5 combine         AUC: 0.524 (±0.004)  F1: 0.096 (±0.017)  查准率: 0.080 (±0.010)  召回率: 0.121 (±0.030)  准确率: 0.826 (±0.013)

XYF_CODE:
  🏆 最佳 threshold       AUC: 0.576 (±0.015)  F1: 0.341 (±0.005)  查准率: 0.212 (±0.003)  召回率: 0.877 (±0.017)  准确率: 0.338 (±0.010)
    #2 baseline        AUC: 0.576 (±0.015)  F1: 0.000 (±0.000)  查准率: 0.000 (±0.000)  召回率: 0.000 (±0.000)  准确率: 0.805 (±0.000)
    #3 combine         AUC: 0.575 (±0.008)  F1: 0.245 (±0.015)  查准率: 0.263 (±0.004)  召回率: 0.230 (±0.026)  准确率: 0.723 (±0.010)
    #4 smote           AUC: 0.570 (±0.015)  F1: 0.255 (±0.014)  查准率: 0.269 (±0.010)  召回率: 0.242 (±0.021)  准确率: 0.723 (±0.008)
    #5 class_weight    AUC: 0.559 (±0.008)  F1: 0.186 (±0.019)  查准率: 0.278 (±0.016)  召回率: 0.140 (±0.019)  准确率: 0.761 (±0.005)

QHYP_CODE:
  🏆 最佳 class_weight    AUC: 0.594 (±0.012)  F1: 0.102 (±0.024)  查准率: 0.144 (±0.027)  召回率: 0.079 (±0.021)  准确率: 0.873 (±0.004)
    #2 threshold       AUC: 0.579 (±0.029)  F1: 0.197 (±0.016)  查准率: 0.123 (±0.010)  召回率: 0.502 (±0.047)  准确率: 0.623 (±0.008)
    #3 baseline        AUC: 0.579 (±0.029)  F1: 0.000 (±0.000)  查准率: 0.000 (±0.000)  召回率: 0.000 (±0.000)  准确率: 0.908 (±0.000)
    #4 smote           AUC: 0.564 (±0.021)  F1: 0.133 (±0.002)  查准率: 0.116 (±0.004)  召回率: 0.156 (±0.012)  准确率: 0.813 (±0.011)
    #5 combine         AUC: 0.562 (±0.013)  F1: 0.136 (±0.005)  查准率: 0.117 (±0.004)  召回率: 0.163 (±0.012)  准确率: 0.810 (±0.009)

YXM_CODE:
  🏆 最佳 smote           AUC: 0.573 (±0.012)  F1: 0.157 (±0.008)  查准率: 0.098 (±0.002)  召回率: 0.400 (±0.074)  准确率: 0.671 (±0.042)
    #2 class_weight    AUC: 0.570 (±0.017)  F1: 0.149 (±0.005)  查准率: 0.093 (±0.004)  召回率: 0.369 (±0.007)  准确率: 0.675 (±0.007)
    #3 combine         AUC: 0.569 (±0.012)  F1: 0.150 (±0.003)  查准率: 0.095 (±0.005)  召回率: 0.376 (±0.045)  准确率: 0.671 (±0.044)
    #4 threshold       AUC: 0.565 (±0.012)  F1: 0.148 (±0.013)  查准率: 0.099 (±0.007)  召回率: 0.290 (±0.041)  准确率: 0.743 (±0.008)
    #5 baseline        AUC: 0.565 (±0.012)  F1: 0.000 (±0.000)  查准率: 0.000 (±0.000)  召回率: 0.000 (±0.000)  准确率: 0.923 (±0.000)



LXJ_CODE: AUC=0.674, F1=0.022, 样本数=10187
AWJ_CODE: AUC=0.716, F1=0.256, 样本数=1017
HXQB_CODE: AUC=0.499, F1=0.072, 样本数=1229
XYF_CODE: AUC=0.596, F1=0.342, 样本数=423
YXM_CODE: AUC=0.562, F1=0.170, 样本数=1949