AWJ_CODE:
  🏆 最佳 class_weight    AUC: 0.715 (±0.021)  F1: 0.210 (±0.049)  查准率: 0.186 (±0.043)  召回率: 0.243 (±0.057)  准确率: 0.831 (±0.011)
    #2 baseline        AUC: 0.711 (±0.023)  F1: 0.000 (±0.000)  查准率: 0.000 (±0.000)  召回率: 0.000 (±0.000)  准确率: 0.907 (±0.000)
    #3 threshold       AUC: 0.711 (±0.023)  F1: 0.251 (±0.011)  查准率: 0.168 (±0.027)  召回率: 0.577 (±0.142)  准确率: 0.675 (±0.094)
    #4 smote           AUC: 0.698 (±0.023)  F1: 0.212 (±0.027)  查准率: 0.175 (±0.022)  召回率: 0.271 (±0.035)  准确率: 0.814 (±0.007)
    #5 combine         AUC: 0.697 (±0.020)  F1: 0.193 (±0.014)  查准率: 0.160 (±0.012)  召回率: 0.243 (±0.018)  准确率: 0.811 (±0.004)

LXJ_CODE:
  🏆 最佳 class_weight    AUC: 0.648 (±0.010)  F1: 0.103 (±0.007)  查准率: 0.063 (±0.004)  召回率: 0.276 (±0.023)  准确率: 0.836 (±0.001)
    #2 threshold       AUC: 0.647 (±0.004)  F1: 0.013 (±0.010)  查准率: 0.051 (±0.036)  召回率: 0.007 (±0.006)  准确率: 0.962 (±0.000)
    #3 baseline        AUC: 0.647 (±0.004)  F1: 0.000 (±0.000)  查准率: 0.000 (±0.000)  召回率: 0.000 (±0.000)  准确率: 0.966 (±0.000)
    #4 smote           AUC: 0.631 (±0.011)  F1: 0.095 (±0.008)  查准率: 0.058 (±0.005)  召回率: 0.268 (±0.018)  准确率: 0.826 (±0.005)
    #5 combine         AUC: 0.629 (±0.011)  F1: 0.095 (±0.011)  查准率: 0.057 (±0.007)  召回率: 0.270 (±0.028)  准确率: 0.824 (±0.006)

HXQB_CODE:
  🏆 最佳 threshold       AUC: 0.558 (±0.050)  F1: 0.097 (±0.024)  查准率: 0.098 (±0.026)  召回率: 0.098 (±0.024)  准确率: 0.919 (±0.009)
    #2 baseline        AUC: 0.558 (±0.050)  F1: 0.000 (±0.000)  查准率: 0.000 (±0.000)  召回率: 0.000 (±0.000)  准确率: 0.956 (±0.000)
    #3 class_weight    AUC: 0.557 (±0.029)  F1: 0.011 (±0.016)  查准率: 0.111 (±0.157)  召回率: 0.006 (±0.009)  准确率: 0.954 (±0.001)
    #4 combine         AUC: 0.545 (±0.032)  F1: 0.103 (±0.027)  查准率: 0.096 (±0.030)  召回率: 0.117 (±0.038)  准确率: 0.911 (±0.013)
    #5 smote           AUC: 0.543 (±0.029)  F1: 0.094 (±0.022)  查准率: 0.088 (±0.028)  召回率: 0.104 (±0.023)  准确率: 0.910 (±0.012)

YXM_CODE:
  🏆 最佳 class_weight    AUC: 0.557 (±0.020)  F1: 0.148 (±0.007)  查准率: 0.092 (±0.004)  召回率: 0.381 (±0.025)  准确率: 0.652 (±0.009)
    #2 combine         AUC: 0.550 (±0.024)  F1: 0.154 (±0.008)  查准率: 0.096 (±0.007)  召回率: 0.400 (±0.030)  准确率: 0.651 (±0.036)
    #3 smote           AUC: 0.550 (±0.024)  F1: 0.150 (±0.011)  查准率: 0.094 (±0.009)  召回率: 0.385 (±0.009)  准确率: 0.653 (±0.030)
    #4 threshold       AUC: 0.547 (±0.018)  F1: 0.144 (±0.010)  查准率: 0.112 (±0.034)  召回率: 0.257 (±0.072)  准确率: 0.750 (±0.084)
    #5 baseline        AUC: 0.547 (±0.018)  F1: 0.000 (±0.000)  查准率: 0.000 (±0.000)  召回率: 0.000 (±0.000)  准确率: 0.921 (±0.000)

XYF_CODE:
  🏆 最佳 class_weight    AUC: 0.585 (±0.023)  F1: 0.129 (±0.018)  查准率: 0.301 (±0.089)  召回率: 0.083 (±0.010)  准确率: 0.766 (±0.016)
    #2 combine         AUC: 0.581 (±0.017)  F1: 0.219 (±0.016)  查准率: 0.268 (±0.039)  召回率: 0.187 (±0.006)  准确率: 0.724 (±0.018)
    #3 smote           AUC: 0.580 (±0.028)  F1: 0.208 (±0.012)  查准率: 0.262 (±0.040)  召回率: 0.175 (±0.011)  准确率: 0.724 (±0.021)
    #4 threshold       AUC: 0.569 (±0.027)  F1: 0.364 (±0.011)  查准率: 0.229 (±0.008)  召回率: 0.897 (±0.046)  准确率: 0.351 (±0.036)
    #5 baseline        AUC: 0.569 (±0.027)  F1: 0.000 (±0.000)  查准率: 0.000 (±0.000)  召回率: 0.000 (±0.000)  准确率: 0.793 (±0.000)


AWJ_CODE: AUC=0.708, F1=0.265, 样本数=1017
LXJ_CODE: AUC=0.662, F1=0.022, 样本数=10187
HXQB_CODE: AUC=0.478, F1=0.021, 样本数=1229
YXM_CODE: AUC=0.569, F1=0.082, 样本数=1949
XYF_CODE: AUC=0.558, F1=0.341, 样本数=423