RONG_CODE:
  🏆 最佳 threshold       F1: 0.068 (±0.022)  AUC: 0.617 (±0.008)  查准率: 0.060 (±0.020)  召回率: 0.080 (±0.025)  准确率: 0.920 (±0.003)
    #2 class_weight    F1: 0.068 (±0.024)  AUC: 0.651 (±0.009)  查准率: 0.067 (±0.021)  召回率: 0.070 (±0.027)  准确率: 0.930 (±0.001)
    #3 combine         F1: 0.062 (±0.013)  AUC: 0.680 (±0.021)  查准率: 0.096 (±0.035)  召回率: 0.047 (±0.009)  准确率: 0.946 (±0.006)
    #4 smote           F1: 0.056 (±0.021)  AUC: 0.679 (±0.022)  查准率: 0.089 (±0.044)  召回率: 0.042 (±0.015)  准确率: 0.946 (±0.006)
    #5 baseline        F1: 0.000 (±0.000)  AUC: 0.617 (±0.008)  查准率: 0.000 (±0.000)  召回率: 0.000 (±0.000)  准确率: 0.963 (±0.000)

QHYP_CODE:
  🏆 最佳 threshold       F1: 0.157 (±0.013)  AUC: 0.477 (±0.102)  查准率: 0.556 (±0.342)  召回率: 0.116 (±0.046)  准确率: 0.917 (±0.021)
    #2 class_weight    F1: 0.125 (±0.000)  AUC: 0.515 (±0.041)  查准率: 0.233 (±0.024)  召回率: 0.086 (±0.004)  准确率: 0.917 (±0.000)
    #3 smote           F1: 0.083 (±0.059)  AUC: 0.470 (±0.049)  查准率: 0.150 (±0.108)  召回率: 0.058 (±0.041)  准确率: 0.919 (±0.003)
    #4 combine         F1: 0.083 (±0.059)  AUC: 0.470 (±0.049)  查准率: 0.150 (±0.108)  召回率: 0.058 (±0.041)  准确率: 0.919 (±0.003)
    #5 baseline        F1: 0.051 (±0.073)  AUC: 0.477 (±0.102)  查准率: 0.167 (±0.236)  召回率: 0.030 (±0.043)  准确率: 0.931 (±0.003)

AWJ_CODE:
  🏆 最佳 threshold       F1: 0.251 (±0.037)  AUC: 0.651 (±0.023)  查准率: 0.162 (±0.028)  召回率: 0.557 (±0.061)  准确率: 0.654 (±0.048)
    #2 class_weight    F1: 0.172 (±0.042)  AUC: 0.662 (±0.013)  查准率: 0.253 (±0.029)  召回率: 0.134 (±0.048)  准确率: 0.871 (±0.010)
    #3 smote           F1: 0.105 (±0.019)  AUC: 0.667 (±0.016)  查准率: 0.207 (±0.057)  召回率: 0.077 (±0.027)  准确率: 0.870 (±0.020)
    #4 combine         F1: 0.105 (±0.019)  AUC: 0.667 (±0.016)  查准率: 0.207 (±0.057)  召回率: 0.077 (±0.027)  准确率: 0.870 (±0.020)
    #5 baseline        F1: 0.017 (±0.024)  AUC: 0.651 (±0.023)  查准率: 0.067 (±0.094)  召回率: 0.010 (±0.013)  准确率: 0.893 (±0.004)

JY_CODE:
  🏆 最佳 threshold       F1: 0.151 (±0.040)  AUC: 0.567 (±0.042)  查准率: 0.455 (±0.388)  召回率: 0.125 (±0.051)  准确率: 0.935 (±0.015)
    #2 class_weight    F1: 0.121 (±0.113)  AUC: 0.575 (±0.025)  查准率: 0.222 (±0.208)  召回率: 0.083 (±0.078)  准确率: 0.945 (±0.005)
    #3 baseline        F1: 0.000 (±0.000)  AUC: 0.567 (±0.042)  查准率: 0.000 (±0.000)  召回率: 0.000 (±0.000)  准确率: 0.952 (±0.000)
    #4 smote           F1: 0.000 (±0.000)  AUC: 0.542 (±0.071)  查准率: 0.000 (±0.000)  召回率: 0.000 (±0.000)  准确率: 0.942 (±0.005)
    #5 combine         F1: 0.000 (±0.000)  AUC: 0.542 (±0.071)  查准率: 0.000 (±0.000)  召回率: 0.000 (±0.000)  准确率: 0.942 (±0.005)

HL_CODE:
  🏆 最佳 smote           F1: 0.000 (±0.000)  AUC: 0.657 (±0.095)  查准率: 0.000 (±0.000)  召回率: 0.000 (±0.000)  准确率: 0.987 (±0.002)
    #2 combine         F1: 0.000 (±0.000)  AUC: 0.657 (±0.095)  查准率: 0.000 (±0.000)  召回率: 0.000 (±0.000)  准确率: 0.987 (±0.002)
    #3 class_weight    F1: 0.000 (±0.000)  AUC: 0.566 (±0.145)  查准率: 0.000 (±0.000)  召回率: 0.000 (±0.000)  准确率: 0.987 (±0.003)
    #4 baseline        F1: 0.000 (±0.000)  AUC: 0.427 (±0.153)  查准率: 0.000 (±0.000)  召回率: 0.000 (±0.000)  准确率: 0.990 (±0.000)
    #5 threshold       F1: 0.000 (±0.000)  AUC: 0.427 (±0.153)  查准率: 0.000 (±0.000)  召回率: 0.000 (±0.000)  准确率: 0.990 (±0.000)

HH_CODE:
  🏆 最佳 threshold       F1: 0.522 (±0.002)  AUC: 0.508 (±0.020)  查准率: 0.358 (±0.006)  召回率: 0.971 (±0.041)  准确率: 0.384 (±0.027)
    #2 smote           F1: 0.314 (±0.042)  AUC: 0.527 (±0.018)  查准率: 0.356 (±0.039)  召回率: 0.282 (±0.043)  准确率: 0.576 (±0.016)
    #3 combine         F1: 0.299 (±0.031)  AUC: 0.543 (±0.008)  查准率: 0.356 (±0.021)  召回率: 0.259 (±0.037)  准确率: 0.582 (±0.009)
    #4 class_weight    F1: 0.284 (±0.022)  AUC: 0.538 (±0.014)  查准率: 0.375 (±0.006)  召回率: 0.230 (±0.029)  准确率: 0.600 (±0.011)
    #5 baseline        F1: 0.226 (±0.025)  AUC: 0.508 (±0.020)  查准率: 0.352 (±0.024)  召回率: 0.167 (±0.022)  准确率: 0.606 (±0.004)

LXJ_CODE:
  🏆 最佳 smote           F1: 0.101 (±0.025)  AUC: 0.598 (±0.021)  查准率: 0.128 (±0.038)  召回率: 0.084 (±0.019)  准确率: 0.935 (±0.007)
    #2 combine         F1: 0.100 (±0.026)  AUC: 0.599 (±0.019)  查准率: 0.129 (±0.036)  召回率: 0.084 (±0.023)  准确率: 0.935 (±0.008)
    #3 threshold       F1: 0.066 (±0.009)  AUC: 0.568 (±0.014)  查准率: 0.055 (±0.007)  召回率: 0.084 (±0.013)  准确率: 0.899 (±0.002)
    #4 class_weight    F1: 0.033 (±0.015)  AUC: 0.596 (±0.013)  查准率: 0.047 (±0.018)  召回率: 0.026 (±0.014)  准确率: 0.936 (±0.005)
    #5 baseline        F1: 0.000 (±0.000)  AUC: 0.568 (±0.014)  查准率: 0.000 (±0.000)  召回率: 0.000 (±0.000)  准确率: 0.957 (±0.000)

TMDP_CODE:
  🏆 最佳 threshold       F1: 0.129 (±0.032)  AUC: 0.475 (±0.054)  查准率: 0.086 (±0.020)  召回率: 0.267 (±0.094)  准确率: 0.656 (±0.053)
    #2 class_weight    F1: 0.051 (±0.036)  AUC: 0.490 (±0.021)  查准率: 0.111 (±0.079)  召回率: 0.033 (±0.024)  准确率: 0.881 (±0.004)
    #3 combine         F1: 0.026 (±0.036)  AUC: 0.573 (±0.026)  查准率: 0.056 (±0.079)  召回率: 0.017 (±0.024)  准确率: 0.881 (±0.005)
    #4 smote           F1: 0.025 (±0.035)  AUC: 0.572 (±0.030)  查准率: 0.048 (±0.067)  召回率: 0.017 (±0.024)  准确率: 0.873 (±0.006)
    #5 baseline        F1: 0.000 (±0.000)  AUC: 0.475 (±0.054)  查准率: 0.000 (±0.000)  召回率: 0.000 (±0.000)  准确率: 0.897 (±0.005)

BLK_CODE:
  🏆 最佳 baseline        F1: 0.000 (±0.000)  AUC: 0.639 (±0.069)  查准率: 0.000 (±0.000)  召回率: 0.000 (±0.000)  准确率: 0.988 (±0.001)
    #2 threshold       F1: 0.000 (±0.000)  AUC: 0.639 (±0.069)  查准率: 0.000 (±0.000)  召回率: 0.000 (±0.000)  准确率: 0.988 (±0.001)
    #3 class_weight    F1: 0.000 (±0.000)  AUC: 0.563 (±0.125)  查准率: 0.000 (±0.000)  召回率: 0.000 (±0.000)  准确率: 0.988 (±0.000)
    #4 smote           F1: 0.000 (±0.000)  AUC: 0.535 (±0.069)  查准率: 0.000 (±0.000)  召回率: 0.000 (±0.000)  准确率: 0.987 (±0.001)
    #5 combine         F1: 0.000 (±0.000)  AUC: 0.535 (±0.069)  查准率: 0.000 (±0.000)  召回率: 0.000 (±0.000)  准确率: 0.987 (±0.001)

XYF_CODE:
  🏆 最佳 threshold       F1: 0.293 (±0.038)  AUC: 0.512 (±0.062)  查准率: 0.203 (±0.017)  召回率: 0.617 (±0.232)  准确率: 0.510 (±0.151)
    #2 combine         F1: 0.153 (±0.060)  AUC: 0.537 (±0.006)  查准率: 0.332 (±0.117)  召回率: 0.100 (±0.041)  准确率: 0.812 (±0.012)
    #3 smote           F1: 0.149 (±0.059)  AUC: 0.547 (±0.014)  查准率: 0.294 (±0.107)  召回率: 0.100 (±0.041)  准确率: 0.806 (±0.011)
    #4 class_weight    F1: 0.049 (±0.070)  AUC: 0.544 (±0.048)  查准率: 0.095 (±0.135)  召回率: 0.033 (±0.047)  准确率: 0.798 (±0.008)
    #5 baseline        F1: 0.000 (±0.000)  AUC: 0.512 (±0.062)  查准率: 0.000 (±0.000)  召回率: 0.000 (±0.000)  准确率: 0.815 (±0.008)

FLXD_CODE:
  🏆 最佳 threshold       F1: 0.061 (±0.086)  AUC: 0.495 (±0.072)  查准率: 0.042 (±0.059)  召回率: 0.111 (±0.157)  准确率: 0.898 (±0.058)
    #2 class_weight    F1: 0.000 (±0.000)  AUC: 0.513 (±0.065)  查准率: 0.000 (±0.000)  召回率: 0.000 (±0.000)  准确率: 0.929 (±0.008)
    #3 smote           F1: 0.000 (±0.000)  AUC: 0.502 (±0.029)  查准率: 0.000 (±0.000)  召回率: 0.000 (±0.000)  准确率: 0.932 (±0.006)
    #4 combine         F1: 0.000 (±0.000)  AUC: 0.502 (±0.029)  查准率: 0.000 (±0.000)  召回率: 0.000 (±0.000)  准确率: 0.932 (±0.006)
    #5 baseline        F1: 0.000 (±0.000)  AUC: 0.495 (±0.072)  查准率: 0.000 (±0.000)  召回率: 0.000 (±0.000)  准确率: 0.939 (±0.000)